Log file open, 08/22/18 10:33:27
LogWindows: Failed to load 'aqProf.dll' (GetLastError=126)
LogWindows: File 'aqProf.dll' does not exist
LogWindows: Failed to load 'VtuneApi.dll' (GetLastError=126)
LogWindows: File 'VtuneApi.dll' does not exist
LogWindows: Failed to load 'VtuneApi32e.dll' (GetLastError=126)
LogWindows: File 'VtuneApi32e.dll' does not exist
LogPlatformFile: Not using cached read wrapper
LogInit: Display: RandInit(1190460885) SRandInit(1190460885).
LogTaskGraph: Started task graph with 5 named threads and 23 total threads with 3 sets of task threads.
LogStats: Stats thread started at 0.284717
LogD3D11RHI: Aftermath initialized
LogICUInternationalization: Display: ICU TimeZone Detection - Raw Offset: +8:00, Platform Override: ''
LogPluginManager: Mounting plugin Paper2D
LogPluginManager: Mounting plugin LightPropagationVolume
LogPluginManager: Mounting plugin CryptoKeys
LogPluginManager: Mounting plugin FacialAnimation
LogPluginManager: Mounting plugin DatasmithContent
LogPluginManager: Mounting plugin CharacterAI
LogPluginManager: Mounting plugin HTML5Networking
LogPluginManager: Mounting plugin AvfMedia
LogPluginManager: Mounting plugin ImgMedia
LogPluginManager: Mounting plugin LinearTimecode
LogPluginManager: Mounting plugin MediaCompositing
LogPluginManager: Mounting plugin WmfMedia
LogPluginManager: Mounting plugin TcpMessaging
LogPluginManager: Mounting plugin UdpMessaging
LogPluginManager: Mounting plugin ActorSequence
LogPluginManager: Mounting plugin OnlineSubsystem
LogPluginManager: Mounting plugin OnlineSubsystemNull
LogPluginManager: Mounting plugin OnlineSubsystemUtils
LogPluginManager: Mounting plugin AndroidPermission
LogPluginManager: Mounting plugin AppleARKit
LogPluginManager: Mounting plugin ProceduralMeshComponent
LogPluginManager: Mounting plugin LiveLink
LogPluginManager: Mounting plugin ArchVisCharacter
LogPluginManager: Mounting plugin AudioCapture
LogPluginManager: Mounting plugin CableComponent
LogPluginManager: Mounting plugin CustomMeshComponent
LogPluginManager: Mounting plugin ExampleDeviceProfileSelector
LogPluginManager: Mounting plugin ImmediatePhysics
LogPluginManager: Mounting plugin LocationServicesBPLibrary
LogPluginManager: Mounting plugin MobilePatchingUtils
LogPluginManager: Mounting plugin OculusVR
LogPluginManager: Mounting plugin PhysXVehicles
LogPluginManager: Mounting plugin RuntimePhysXCooking
LogPluginManager: Mounting plugin SteamVR
LogPluginManager: Mounting plugin WindowsMoviePlayer
LogStreaming: Display: Took  0.128s to configure plugins.
LogInit: Using libcurl 7.47.1
LogInit:  - built for x86_64-pc-win32
LogInit:  - supports SSL with OpenSSL/1.0.2g
LogInit:  - supports HTTP deflate (compression) using libz 1.2.8
LogInit:  - other features:
LogInit:      CURL_VERSION_SSL
LogInit:      CURL_VERSION_LIBZ
LogInit:      CURL_VERSION_IPV6
LogInit:      CURL_VERSION_ASYNCHDNS
LogInit:      CURL_VERSION_LARGEFILE
LogInit:      CURL_VERSION_IDN
LogInit:  CurlRequestOptions (configurable via config and command line):
LogInit:  - bVerifyPeer = false  - Libcurl will NOT verify peer certificate
LogInit:  - bUseHttpProxy = false  - Libcurl will NOT use HTTP proxy
LogInit:  - bDontReuseConnections = false  - Libcurl will reuse connections
LogInit:  - CertBundlePath = nullptr  - Libcurl will use whatever was configured at build time.
LogInit:  - MaxHostConnections = 16  - Libcurl will limit the number of connections to a host
LogInit:  - LocalHostAddr = Default
LogInit: WinSock: version 1.1 (2.2), MaxSocks=32767, MaxUdp=65467
LogInit: WinSock: I am DESKTOP-EDTMRQA (172.20.58.231:0)
LogInit: Build: ++UE4+Release-4.19-CL-3989454
LogInit: Engine Version: 4.19.1-3989454+++UE4+Release-4.19
LogInit: Compatible Engine Version: 4.19.0-3944462+++UE4+Release-4.19
LogInit: Net CL: 3944462
LogDevObjectVersion: Number of dev versions registered: 18
LogDevObjectVersion:   Dev-Blueprints (B0D832E4-1F89-4F0D-ACCF-7EB736FD4AA2): 10
LogDevObjectVersion:   Dev-Build (E1C64328-A22C-4D53-A36C-8E866417BD8C): 0
LogDevObjectVersion:   Dev-Core (375EC13C-06E4-48FB-B500-84F0262A717E): 2
LogDevObjectVersion:   Dev-Editor (E4B068ED-F494-42E9-A231-DA0B2E46BB41): 23
LogDevObjectVersion:   Dev-Framework (CFFC743F-43B0-4480-9391-14DF171D2073): 33
LogDevObjectVersion:   Dev-Mobile (B02B49B5-BB20-44E9-A304-32B752E40360): 2
LogDevObjectVersion:   Dev-Networking (A4E4105C-59A1-49B5-A7C5-40C4547EDFEE): 0
LogDevObjectVersion:   Dev-Online (39C831C9-5AE6-47DC-9A44-9C173E1C8E7C): 0
LogDevObjectVersion:   Dev-Physics (78F01B33-EBEA-4F98-B9B4-84EACCB95AA2): 0
LogDevObjectVersion:   Dev-Platform (6631380F-2D4D-43E0-8009-CF276956A95A): 0
LogDevObjectVersion:   Dev-Rendering (12F88B9F-8875-4AFC-A67C-D90C383ABD29): 25
LogDevObjectVersion:   Dev-Sequencer (7B5AE74C-D270-4C10-A958-57980B212A5A): 6
LogDevObjectVersion:   Dev-VR (D7296918-1DD6-4BDD-9DE2-64A83CC13884): 1
LogDevObjectVersion:   Dev-LoadTimes (C2A15278-BFE7-4AFE-6C17-90FF531DF755): 1
LogDevObjectVersion:   Private-Geometry (6EACA3D4-40EC-4CC1-B786-8BED09428FC5): 2
LogDevObjectVersion:   Dev-AnimPhys (29E575DD-E0A3-4627-9D10-D276232CDCEA): 16
LogDevObjectVersion:   Dev-ReflectionCapture (6B266CEC-1EC7-4B8F-A30B-E4D90942FC07): 1
LogDevObjectVersion:   Dev-Automation (0DF73D61-A23F-47EA-B727-89E90C41499A): 1
LogInit: Compiled (64-bit): Apr  6 2018 12:29:47
LogInit: Compiled with Visual C++: 19.00.24215.01
LogInit: Build Configuration: Development
LogInit: Branch Name: ++UE4+Release-4.19
LogInit: Command Line:  
LogInit: Base Directory: C:/512/WarningOfEnergy/TowerDefense/Binaries/Win64/
LogInit: Installed Engine Build: 0
LogStreaming: Display: Took  0.001s to delete old logs.
LogInit: Presizing for max 2097152 objects, including 0 objects not considered by GC, pre-allocating 0 bytes for permanent pool.
LogStreaming: Display: Async Loading initialized: Event Driven Loader: true, Async Loading Thread: false
LogInit: Object subsystem initialized
[2018.08.22-02.33.27:766][  0]LogInit: Selected Device Profile: [WindowsNoEditor]
[2018.08.22-02.33.27:766][  0]LogInit: Applying CVar settings loaded from the selected device profile: [WindowsNoEditor]
[2018.08.22-02.33.27:774][  0]LogInit: Computer: DESKTOP-EDTMRQA
[2018.08.22-02.33.27:774][  0]LogInit: User: Daisy
[2018.08.22-02.33.27:774][  0]LogInit: CPU Page size=4096, Cores=4
[2018.08.22-02.33.27:774][  0]LogInit: High frequency timer resolution =3.507502 MHz
[2018.08.22-02.33.27:774][  0]LogMemory: Memory total: Physical=15.8GB (16GB approx)
[2018.08.22-02.33.27:774][  0]LogMemory: Platform Memory Stats for WindowsNoEditor
[2018.08.22-02.33.27:774][  0]LogMemory: Process Physical Memory: 95.70 MB used, 95.70 MB peak
[2018.08.22-02.33.27:774][  0]LogMemory: Process Virtual Memory: 107.48 MB used, 107.48 MB peak
[2018.08.22-02.33.27:774][  0]LogMemory: Physical Memory: 3417.55 MB used,  12719.33 MB free, 16136.88 MB total
[2018.08.22-02.33.27:774][  0]LogMemory: Virtual Memory: 4470.31 MB used,  12719.33 MB free, 134217728.00 MB total
[2018.08.22-02.33.28:161][  0]LogInit: Using OS detected language (zh-CN).
[2018.08.22-02.33.28:161][  0]LogInit: Using OS detected locale (zh-CN).
[2018.08.22-02.33.28:161][  0]LogTextLocalizationManager: No localization for 'zh-CN' exists, so 'en' will be used for the language.
[2018.08.22-02.33.28:162][  0]LogTextLocalizationManager: No localization for 'zh-CN' exists, so 'en' will be used for the locale.
[2018.08.22-02.33.28:226][  0]LogStreaming: Display: Took  0.065s to EndInitTextLocalization.
[2018.08.22-02.33.28:278][  0]LogSlate: New Slate User Created.  User Index 0, Is Virtual User: 0
[2018.08.22-02.33.28:278][  0]LogSlate: Slate User Registered.  User Index 0, Is Virtual User: 0
[2018.08.22-02.33.28:281][  0]LogD3D11RHI: D3D11 adapters:
[2018.08.22-02.33.28:292][  0]LogD3D11RHI:    0. 'AMD FirePro V3900' (Feature Level 11_0)
[2018.08.22-02.33.28:292][  0]LogD3D11RHI:       1008/0/3840 MB DedicatedVideo/DedicatedSystem/SharedSystem, Outputs:1, VendorId:0x1002
[2018.08.22-02.33.28:295][  0]LogD3D11RHI:    1. 'Microsoft Basic Render Driver' (Feature Level 11_0)
[2018.08.22-02.33.28:295][  0]LogD3D11RHI:       0/0/8068 MB DedicatedVideo/DedicatedSystem/SharedSystem, Outputs:0, VendorId:0x1414
[2018.08.22-02.33.28:295][  0]LogD3D11RHI: Chosen D3D11 Adapter: 0
[2018.08.22-02.33.28:300][  0]LogD3D11RHI: Creating new Direct3DDevice
[2018.08.22-02.33.28:300][  0]LogD3D11RHI:     GPU DeviceId: 0x674a (for the marketing name, search the web for "GPU Device Id")
[2018.08.22-02.33.28:300][  0]LogWindows: EnumDisplayDevices:
[2018.08.22-02.33.28:300][  0]LogWindows:    0. 'AMD FirePro V3900' (P:1 D:1)
[2018.08.22-02.33.28:300][  0]LogWindows:    1. 'AMD FirePro V3900' (P:0 D:0)
[2018.08.22-02.33.28:300][  0]LogWindows:    2. 'AMD FirePro V3900' (P:0 D:0)
[2018.08.22-02.33.28:301][  0]LogWindows:    3. 'AMD FirePro V3900' (P:0 D:0)
[2018.08.22-02.33.28:301][  0]LogWindows:    4. 'AMD FirePro V3900' (P:0 D:0)
[2018.08.22-02.33.28:301][  0]LogWindows: DebugString: GetVideoDriverDetailsInvalid PrimaryIsNotTheChoosenAdapter GetVideoDriverDetailsInvalid PrimaryIsNotTheChoosenAdapter GetVideoDriverDetailsInvalid PrimaryIsNotTheChoosenAdapter GetVideoDriverDetailsInvalid PrimaryIsNotTheChoosenAdapter GetVideoDriverDetailsInvalid PrimaryIsNotTheChoosenAdapter FoundDriverCount:0 
[2018.08.22-02.33.28:301][  0]LogD3D11RHI:     Adapter Name: AMD FirePro V3900
[2018.08.22-02.33.28:301][  0]LogD3D11RHI:   Driver Version: Unknown (internal:Unknown, unified:Unknown)
[2018.08.22-02.33.28:301][  0]LogD3D11RHI:      Driver Date: Unknown
[2018.08.22-02.33.28:301][  0]LogRHI: Texture pool is 706 MB (70% of 1008 MB)
[2018.08.22-02.33.28:323][  0]LogD3D11RHI: AMD Pre GCN architecture detected, some driver workarounds will be in place
[2018.08.22-02.33.28:332][  0]LogD3D11RHI: Async texture creation enabled
[2018.08.22-02.33.28:344][  0]LogD3D11RHI: GPU Timing Frequency: 27.000000 (Debug: 2 1)
[2018.08.22-02.33.28:429][  0]LogMaterial: Verifying Global Shaders for PCD3D_SM5
[2018.08.22-02.33.28:431][  0]LogSlate: Using Freetype 2.6.0
[2018.08.22-02.33.28:439][  0]LogSlate: SlateFontCache - WITH_FREETYPE: 1, WITH_HARFBUZZ: 1
[2018.08.22-02.33.28:439][  0]LogSlate: SlateFontCache - WITH_FREETYPE: 1, WITH_HARFBUZZ: 1
[2018.08.22-02.33.28:524][  0]LogAssetRegistry: FAssetRegistry took 0.0139 seconds to start up
[2018.08.22-02.33.28:606][  0]LogPackageLocalizationCache: Processed 9 localized package path(s) for 1 prioritized culture(s) in 0.003285 seconds
[2018.08.22-02.33.28:606][  0]LogPakFile: New pak file ../../../TowerDefense/Content/Paks/TowerDefense-WindowsNoEditor.pak added to pak precacher.
[2018.08.22-02.33.28:645][  0]LogInit: Selected Device Profile: [WindowsNoEditor]
[2018.08.22-02.33.28:788][  0]LogNetVersion: TowerDefense , NetCL: 3944462, EngineNetVer: 2, GameNetVer: 0 (Checksum: 2394271014)
[2018.08.22-02.33.29:608][  0]LogMoviePlayer: Initializing movie player
[2018.08.22-02.33.29:761][  0]LogAndroidPermission: UAndroidPermissionCallbackProxy::GetInstance
[2018.08.22-02.33.29:762][  0]LogOcInput: OculusInput pre-init called
[2018.08.22-02.33.29:773][  0]LogUObjectArray: 33020 objects as part of root set at end of initial load.
[2018.08.22-02.33.29:773][  0]LogUObjectAllocator: 6232416 out of 0 bytes used by permanent object pool.
[2018.08.22-02.33.29:773][  0]LogUObjectArray: CloseDisregardForGC: 0/0 objects in disregard for GC pool
[2018.08.22-02.33.29:785][  0]LogEngine: Initializing Engine...
[2018.08.22-02.33.29:834][  0]LogHMD: Failed to initialize OpenVR with code 110
[2018.08.22-02.33.29:846][  0]LogStats: UGameplayTagsManager::ConstructGameplayTagTree: Construct from data asset -  0.000 s
[2018.08.22-02.33.29:846][  0]LogStats: UGameplayTagsManager::ConstructGameplayTagTree: GameplayTagTreeChangedEvent.Broadcast -  0.000 s
[2018.08.22-02.33.30:228][  0]LogInit: XAudio2 using '扬声器 (Realtek High Definition Audio)' : 2 channels at 48 kHz using 32 bits per sample (channel mask 0x3)
[2018.08.22-02.33.30:280][  0]LogInit: FAudioDevice initialized.
[2018.08.22-02.33.30:291][  0]LogInit: Texture streaming: Enabled
[2018.08.22-02.33.30:592][  0]LogInit: Display: Game Engine Initialized.
[2018.08.22-02.33.30:592][  0]LogGameplayTags: Display: UGameplayTagsManager::DoneAddingNativeTags. DelegateIsBound: 0
[2018.08.22-02.33.30:592][  0]LogStats: UGameplayTagsManager::ConstructGameplayTagTree: Construct from data asset -  0.000 s
[2018.08.22-02.33.30:592][  0]LogStats: UGameplayTagsManager::ConstructGameplayTagTree: GameplayTagTreeChangedEvent.Broadcast -  0.000 s
[2018.08.22-02.33.30:603][  0]LogInit: Display: Starting Game.
[2018.08.22-02.33.30:603][  0]LogNet: Browse: /Game/Map/zzc/Content/Maps/Stylized_Kingdom?Name=Player
[2018.08.22-02.33.30:603][  0]LogLoad: LoadMap: /Game/Map/zzc/Content/Maps/Stylized_Kingdom?Name=Player
[2018.08.22-02.33.31:278][  0]LogAIModule: Creating AISystem for world Stylized_Kingdom
[2018.08.22-02.33.31:279][  0]LogLoad: Game class is 'TDGameMode_C'
[2018.08.22-02.33.31:353][  0]LogUMG: Display: Widget Class range_C - Loaded Fast Template.
[2018.08.22-02.33.31:354][  0]LogUMG: Display: Widget Class TowerList_C - Loaded Fast Template.
[2018.08.22-02.33.31:354][  0]LogUMG: Display: Widget Class ResourceUI_C - Loaded Fast Template.
[2018.08.22-02.33.31:363][  0]LogWorld: Bringing World /Game/Map/zzc/Content/Maps/Stylized_Kingdom.Stylized_Kingdom up for play (max tick rate 0) at 2018.08.22-10.33.31
[2018.08.22-02.33.31:385][  0]LogWorld: Bringing up level for play took: 0.105751
[2018.08.22-02.33.31:388][  0]LogActor: Warning: TDPawn_C /Game/Map/zzc/Content/Maps/Stylized_Kingdom.Stylized_Kingdom:PersistentLevel.TDPawn_C_0 has natively added scene component(s), but none of them were set as the actor's RootComponent - picking one arbitrarily
[2018.08.22-02.33.31:389][  0]LogUMG: Display: Widget Class Begin_C - Loaded Fast Template.
[2018.08.22-02.33.31:391][  0]LogLoad: Took 0.788612 seconds to LoadMap(/Game/Map/zzc/Content/Maps/Stylized_Kingdom)
[2018.08.22-02.33.31:438][  0]LogSlate: Took 0.046376 seconds to synchronously load lazily loaded font '../../../Engine/Content/EngineFonts/Faces/RobotoBold.ufont' (160K)
[2018.08.22-02.33.31:441][  0]LogSlate: Took 0.002557 seconds to synchronously load lazily loaded font '../../../Engine/Content/EngineFonts/Faces/RobotoRegular.ufont' (155K)
[2018.08.22-02.33.31:465][  0]LogSlate: Took 0.024428 seconds to synchronously load lazily loaded font '../../../Engine/Content/Slate/Fonts/DroidSansFallback.ttf' (3848K)
[2018.08.22-02.33.31:505][  0]LogLoad: (Engine Initialization) Total time: 4.57 seconds
[2018.08.22-02.33.31:577][  0]LogRenderer: Reallocating scene render targets to support 1920x1080 Format 10 NumSamples 1 (Frame:1).
[2018.08.22-02.33.31:721][  0]LogContentStreaming: Texture pool size now 1000 MB
[2018.08.22-02.33.39:397][108]LogSlate: FSceneViewport::OnFocusLost() reason 0
[2018.08.22-02.33.39:466][109]LogUMG: Display: Widget Class EnergyUI_C - Loaded Fast Template.
[2018.08.22-02.33.39:468][109]LogUMG: Display: Widget Class Buttons_C - Loaded Fast Template.
[2018.08.22-02.33.39:539][109]LogSlate: Took 0.036023 seconds to synchronously load lazily loaded font '../../../TowerDefense/Content/Sun/Font/华康少女体_.ufont' (3826K)
[2018.08.22-02.33.40:418][122]LogUMG: Display: Widget Class HealthUI_C - Loaded Fast Template.
[2018.08.22-02.33.43:430][162]LogSlate: FSceneViewport::OnFocusLost() reason 0
[2018.08.22-02.33.51:790][271]LogSlate: FSceneViewport::OnFocusLost() reason 0
[2018.08.22-02.33.58:374][356]LogSlate: FSceneViewport::OnFocusLost() reason 0
[2018.08.22-02.34.06:952][466]LogSlate: FSceneViewport::OnFocusLost() reason 0
[2018.08.22-02.34.45:804][966]LogSlate: FSceneViewport::OnFocusLost() reason 0
[2018.08.22-02.34.50:545][ 26]LogSlate: FSceneViewport::OnFocusLost() reason 0
[2018.08.22-02.35.34:305][582]LogSlate: FSceneViewport::OnFocusLost() reason 0
[2018.08.22-02.36.13:782][ 86]LogSlate: FSceneViewport::OnFocusLost() reason 0
[2018.08.22-02.36.17:954][139]LogSlate: FSceneViewport::OnFocusLost() reason 0
[2018.08.22-02.36.21:378][182]LogSlate: FSceneViewport::OnFocusLost() reason 0
[2018.08.22-02.36.24:318][219]LogSlate: FSceneViewport::OnFocusLost() reason 0
[2018.08.22-02.36.27:683][261]LogSlate: FSceneViewport::OnFocusLost() reason 0
[2018.08.22-02.36.30:870][301]LogSlate: FSceneViewport::OnFocusLost() reason 0
[2018.08.22-02.40.15:810][106]LogSlate: FSceneViewport::OnFocusLost() reason 0
[2018.08.22-02.41.42:331][182]LogSlate: FSceneViewport::OnFocusLost() reason 0
[2018.08.22-02.42.02:483][431]LogSlate: FSceneViewport::OnFocusLost() reason 0
[2018.08.22-02.42.20:380][655]Closing by request
[2018.08.22-02.42.20:380][655]LogWindows: FPlatformMisc::RequestExit(0)
[2018.08.22-02.42.21:134][656]LogSlate: Request Window 'TowerDefense (64-bit, PCD3D_SM5) ' being destroyed
[2018.08.22-02.42.21:162][656]LogSlate: Window 'TowerDefense (64-bit, PCD3D_SM5) ' being destroyed
[2018.08.22-02.42.21:164][656]LogWindowsTextInputMethodSystem: Display: IME system now activated using TSF (微软拼音).
[2018.08.22-02.42.21:181][656]LogSlate: Slate User Destroyed.  User Index 0, Is Virtual User: 0
[2018.08.22-02.42.21:181][656]LogExit: Preparing to exit.
[2018.08.22-02.42.21:181][656]LogMoviePlayer: Shutting down movie player
[2018.08.22-02.42.21:204][656]LogExit: Game engine shut down
[2018.08.22-02.42.21:250][656]LogExit: Object subsystem successfully closed.
[2018.08.22-02.42.21:294][656]LogD3D11RHI: Shutdown
[2018.08.22-02.42.21:294][656]LogD3D11RHI: CleanupD3DDevice
[2018.08.22-02.42.21:298][656]LogD3D11RHI: ~FD3D11DynamicRHI
[2018.08.22-02.42.21:298][656]LogModuleManager: Shutting down and abandoning module AutomationController (178)
[2018.08.22-02.42.21:298][656]LogModuleManager: Shutting down and abandoning module AutomationWorker (176)
[2018.08.22-02.42.21:298][656]LogModuleManager: Shutting down and abandoning module AIModule (174)
[2018.08.22-02.42.21:298][656]LogModuleManager: Shutting down and abandoning module GameplayDebugger (173)
[2018.08.22-02.42.21:298][656]LogModuleManager: Shutting down and abandoning module WmfMediaFactory (170)
[2018.08.22-02.42.21:298][656]LogModuleManager: Shutting down and abandoning module OpenExrWrapper (168)
[2018.08.22-02.42.21:298][656]LogModuleManager: Shutting down and abandoning module ImgMediaFactory (166)
[2018.08.22-02.42.21:298][656]LogModuleManager: Shutting down and abandoning module AvfMediaFactory (164)
[2018.08.22-02.42.21:298][656]LogModuleManager: Shutting down and abandoning module CharacterAI (162)
[2018.08.22-02.42.21:298][656]LogModuleManager: Shutting down and abandoning module SessionServices (160)
[2018.08.22-02.42.21:298][656]LogModuleManager: Shutting down and abandoning module MovieSceneTracks (158)
[2018.08.22-02.42.21:298][656]LogModuleManager: Shutting down and abandoning module MovieScene (156)
[2018.08.22-02.42.21:298][656]LogModuleManager: Shutting down and abandoning module GeometryCache (154)
[2018.08.22-02.42.21:298][656]LogModuleManager: Shutting down and abandoning module StreamingPauseRendering (152)
[2018.08.22-02.42.21:298][656]LogModuleManager: Shutting down and abandoning module AnalyticsET (150)
[2018.08.22-02.42.21:298][656]LogModuleManager: Shutting down and abandoning module ProfilerService (148)
[2018.08.22-02.42.21:481][656]LogModuleManager: Shutting down and abandoning module TaskGraph (146)
[2018.08.22-02.42.21:481][656]LogModuleManager: Shutting down and abandoning module SteamVRController (144)
[2018.08.22-02.42.21:481][656]LogModuleManager: Shutting down and abandoning module OculusInput (142)
[2018.08.22-02.42.21:481][656]LogModuleManager: Shutting down and abandoning module MobilePatchingUtils (140)
[2018.08.22-02.42.21:481][656]LogModuleManager: Shutting down and abandoning module CustomMeshComponent (138)
[2018.08.22-02.42.21:481][656]LogModuleManager: Shutting down and abandoning module CableComponent (136)
[2018.08.22-02.42.21:481][656]LogModuleManager: Shutting down and abandoning module AudioCapture (134)
[2018.08.22-02.42.21:481][656]LogModuleManager: Shutting down and abandoning module ArchVisCharacter (132)
[2018.08.22-02.42.21:481][656]LogModuleManager: Shutting down and abandoning module ProceduralMeshComponent (130)
[2018.08.22-02.42.21:481][656]LogModuleManager: Shutting down and abandoning module AndroidPermission (128)
[2018.08.22-02.42.21:481][656]LogModuleManager: Shutting down and abandoning module MediaCompositing (124)
[2018.08.22-02.42.21:481][656]LogModuleManager: Shutting down and abandoning module LinearTimecode (122)
[2018.08.22-02.42.21:481][656]LogModuleManager: Shutting down and abandoning module ImgMedia (120)
[2018.08.22-02.42.21:482][656]LogModuleManager: Shutting down and abandoning module HTML5Networking (118)
[2018.08.22-02.42.21:482][656]LogModuleManager: Shutting down and abandoning module DatasmithContent (116)
[2018.08.22-02.42.21:482][656]LogModuleManager: Shutting down and abandoning module TowerDefense (114)
[2018.08.22-02.42.21:482][656]LogModuleManager: Shutting down and abandoning module RuntimePhysXCooking (112)
[2018.08.22-02.42.21:482][656]LogModuleManager: Shutting down and abandoning module PhysXVehicles (110)
[2018.08.22-02.42.21:482][656]LogModuleManager: Shutting down and abandoning module LocationServicesBPLibrary (108)
[2018.08.22-02.42.21:482][656]LogModuleManager: Shutting down and abandoning module ImmediatePhysics (106)
[2018.08.22-02.42.21:482][656]LogModuleManager: Shutting down and abandoning module LiveLink (104)
[2018.08.22-02.42.21:959][656]LogModuleManager: Shutting down and abandoning module ActorSequence (102)
[2018.08.22-02.42.21:959][656]LogModuleManager: Shutting down and abandoning module UdpMessaging (100)
[2018.08.22-02.42.21:959][656]LogModuleManager: Shutting down and abandoning module TcpMessaging (98)
[2018.08.22-02.42.21:959][656]LogModuleManager: Shutting down and abandoning module FacialAnimation (96)
[2018.08.22-02.42.21:959][656]LogModuleManager: Shutting down and abandoning module LightPropagationVolumeRuntime (94)
[2018.08.22-02.42.21:959][656]LogModuleManager: Shutting down and abandoning module Paper2D (92)
[2018.08.22-02.42.21:959][656]LogModuleManager: Shutting down and abandoning module WindowsMoviePlayer (90)
[2018.08.22-02.42.21:959][656]LogModuleManager: Shutting down and abandoning module WmfMedia (88)
[2018.08.22-02.42.21:960][656]LogModuleManager: Shutting down and abandoning module PacketHandler (86)
[2018.08.22-02.42.21:960][656]LogModuleManager: Shutting down and abandoning module ClothingSystemRuntime (84)
[2018.08.22-02.42.21:972][656]LogModuleManager: Shutting down and abandoning module MediaAssets (82)
[2018.08.22-02.42.21:972][656]LogModuleManager: Shutting down and abandoning module Overlay (80)
[2018.08.22-02.42.21:972][656]LogModuleManager: Shutting down and abandoning module UMG (78)
[2018.08.22-02.42.21:972][656]LogModuleManager: Shutting down and abandoning module SlateReflector (76)
[2018.08.22-02.42.21:972][656]LogModuleManager: Shutting down and abandoning module Slate (74)
[2018.08.22-02.42.21:972][656]LogModuleManager: Shutting down and abandoning module MRMesh (72)
[2018.08.22-02.42.21:972][656]LogModuleManager: Shutting down and abandoning module Messaging (70)
[2018.08.22-02.42.21:972][656]LogModuleManager: Shutting down and abandoning module HeadMountedDisplay (68)
[2018.08.22-02.42.21:972][656]LogModuleManager: Shutting down and abandoning module XAudio2 (66)
[2018.08.22-02.42.21:972][656]LogModuleManager: Shutting down and abandoning module Networking (64)
[2018.08.22-02.42.21:972][656]LogModuleManager: Shutting down and abandoning module Core (62)
[2018.08.22-02.42.21:972][656]LogModuleManager: Shutting down and abandoning module LevelSequence (60)
[2018.08.22-02.42.21:972][656]LogModuleManager: Shutting down and abandoning module Media (58)
[2018.08.22-02.42.21:978][656]LogModuleManager: Shutting down and abandoning module ImageWrapper (54)
[2018.08.22-02.42.21:978][656]LogModuleManager: Shutting down and abandoning module InputCore (52)
[2018.08.22-02.42.21:978][656]LogModuleManager: Shutting down and abandoning module PhysXCooking (50)
[2018.08.22-02.42.21:978][656]LogModuleManager: Shutting down and abandoning module SteamVR (48)
[2018.08.22-02.42.21:978][656]LogModuleManager: Shutting down and abandoning module OculusHMD (46)
[2018.08.22-02.42.21:978][656]LogModuleManager: Shutting down and abandoning module ExampleDeviceProfileSelector (44)
[2018.08.22-02.42.21:978][656]LogModuleManager: Shutting down and abandoning module AppleARKit (42)
[2018.08.22-02.42.21:978][656]LogModuleManager: Shutting down and abandoning module AugmentedReality (39)
[2018.08.22-02.42.21:978][656]LogModuleManager: Shutting down and abandoning module OnlineSubsystem (34)
[2018.08.22-02.42.21:978][656]LogModuleManager: Shutting down and abandoning module HTTP (33)
[2018.08.22-02.42.21:978][656]LogHttp: Display: Http module shutting down, but needs to wait on 1 outstanding Http requests:
[2018.08.22-02.42.21:978][656]LogHttp: Display: 	verb=[POST] url=[https://datarouter.ol.epicgames.com/datarouter/api/v1/public/data?SessionID=%7B4FC2693D-485F-7CB0-2711-1C90B48FE709%7D&AppID=UEGame.Rocket.Release%7CF4AC960440E563992196C08E5F98E220%7CTop%20Down%20Game%20Template&AppVersion=4.19.1-3989454%2B%2B%2BUE4%2BRelease-4.19&UserID=ANON-%7BAB381886-4FE5-04E4-B784-CF81694EF1F7%7D%7C%7C&AppEnvironment=datacollector-binary&UploadType=eteventstream] status=Processing
[2018.08.22-02.42.22:009][656]LogModuleManager: Shutting down and abandoning module SSL (32)
[2018.08.22-02.42.22:009][656]LogModuleManager: Shutting down and abandoning module ShaderCore (28)
[2018.08.22-02.42.22:009][656]LogModuleManager: Shutting down and abandoning module Landscape (26)
[2018.08.22-02.42.22:009][656]LogModuleManager: Shutting down and abandoning module SlateRHIRenderer (24)
[2018.08.22-02.42.22:010][656]LogModuleManager: Shutting down and abandoning module OpenGLDrv (22)
[2018.08.22-02.42.22:010][656]LogModuleManager: Shutting down and abandoning module D3D11RHI (20)
[2018.08.22-02.42.22:010][656]LogModuleManager: Shutting down and abandoning module AnimGraphRuntime (18)
[2018.08.22-02.42.22:010][656]LogModuleManager: Shutting down and abandoning module Renderer (16)
[2018.08.22-02.42.22:010][656]LogModuleManager: Shutting down and abandoning module Engine (14)
[2018.08.22-02.42.22:010][656]LogModuleManager: Shutting down and abandoning module CoreUObject (12)
[2018.08.22-02.42.22:010][656]LogModuleManager: Shutting down and abandoning module NetworkFile (10)
[2018.08.22-02.42.22:010][656]LogModuleManager: Shutting down and abandoning module CookedIterativeFile (8)
[2018.08.22-02.42.22:010][656]LogModuleManager: Shutting down and abandoning module StreamingFile (6)
[2018.08.22-02.42.22:010][656]LogModuleManager: Shutting down and abandoning module SandboxFile (4)
[2018.08.22-02.42.22:010][656]LogModuleManager: Shutting down and abandoning module PakFile (2)
[2018.08.22-02.42.22:014][656]LogExit: Exiting.
[2018.08.22-02.42.22:015][656]Log file closed, 08/22/18 10:42:22
